2025-07-01 15:15:55,843: INFO: main: My first DS end_to_end project
2025-07-01 15:16:08,753: INFO: main: My first DS end_to_end project
2025-07-01 15:17:31,496: INFO: main: My first DS end_to_end project
2025-07-01 15:17:36,800: INFO: main: My first DS end_to_end project
2025-07-02 12:41:29,069: INFO: common: Yaml file: config\config.yaml is loaded successfully
2025-07-02 12:41:29,082: INFO: common: Yaml file: params.yaml is loaded successfully
2025-07-02 12:41:29,086: INFO: common: Yaml file: schema.yaml is loaded successfully
2025-07-02 12:41:58,790: INFO: common: Yaml file: config\config.yaml is loaded successfully
2025-07-02 12:41:58,793: INFO: common: Yaml file: params.yaml is loaded successfully
2025-07-02 12:41:58,796: INFO: common: Yaml file: schema.yaml is loaded successfully
2025-07-02 12:42:33,473: INFO: common: Yaml file: config\config.yaml is loaded successfully
2025-07-02 12:42:33,474: INFO: common: Yaml file: params.yaml is loaded successfully
2025-07-02 12:42:33,475: INFO: common: Yaml file: schema.yaml is loaded successfully
2025-07-02 12:42:33,478: INFO: common: Direcotry artifacts is created
2025-07-02 12:43:47,379: INFO: common: Yaml file: config\config.yaml is loaded successfully
2025-07-02 12:43:47,380: INFO: common: Yaml file: params.yaml is loaded successfully
2025-07-02 12:43:47,382: INFO: common: Yaml file: schema.yaml is loaded successfully
2025-07-02 12:43:47,383: INFO: common: Direcotry artifacts is created
2025-07-02 12:44:55,657: INFO: common: Yaml file: config\config.yaml is loaded successfully
2025-07-02 12:44:55,658: INFO: common: Yaml file: params.yaml is loaded successfully
2025-07-02 12:44:55,661: INFO: common: Yaml file: schema.yaml is loaded successfully
2025-07-02 12:44:55,662: INFO: common: Direcotry artifacts is created
2025-07-02 12:44:55,664: INFO: common: Direcotry artifacts/data_ingestion is created
2025-07-02 12:44:56,286: INFO: 1644792305: artifacts/data_ingestion/data.zip download! with following info: 
Connection: close
Content-Length: 23329
Cache-Control: max-age=300
Content-Security-Policy: default-src 'none'; style-src 'unsafe-inline'; sandbox
Content-Type: application/zip
ETag: "c69888a4ae59bc5a893392785a938ccd4937981c06ba8a9d6a21aa52b4ab5b6e"
Strict-Transport-Security: max-age=31536000
X-Content-Type-Options: nosniff
X-Frame-Options: deny
X-XSS-Protection: 1; mode=block
X-GitHub-Request-Id: 96EE:32EA21:6FCF0:1647D6:6864DC2C
Accept-Ranges: bytes
Date: Wed, 02 Jul 2025 07:14:56 GMT
Via: 1.1 varnish
X-Served-By: cache-hyd1100029-HYD
X-Cache: HIT
X-Cache-Hits: 0
X-Timer: S1751440496.375124,VS0,VE1
Vary: Authorization,Accept-Encoding
Access-Control-Allow-Origin: *
Cross-Origin-Resource-Policy: cross-origin
X-Fastly-Request-ID: 28cc228320ac343c6d7e6a33bc676f51d3453243
Expires: Wed, 02 Jul 2025 07:19:56 GMT
Source-Age: 67


2025-07-02 12:45:22,620: INFO: common: Yaml file: config\config.yaml is loaded successfully
2025-07-02 12:45:22,622: INFO: common: Yaml file: params.yaml is loaded successfully
2025-07-02 12:45:22,626: INFO: common: Yaml file: schema.yaml is loaded successfully
2025-07-02 12:45:22,627: INFO: common: Direcotry artifacts is created
2025-07-02 12:45:22,628: INFO: common: Direcotry artifacts/data_ingestion is created
2025-07-02 12:45:23,629: INFO: 1644792305: artifacts/data_ingestion/data.zip download! with following info: 
Connection: close
Content-Length: 23329
Cache-Control: max-age=300
Content-Security-Policy: default-src 'none'; style-src 'unsafe-inline'; sandbox
Content-Type: application/zip
ETag: "c69888a4ae59bc5a893392785a938ccd4937981c06ba8a9d6a21aa52b4ab5b6e"
Strict-Transport-Security: max-age=31536000
X-Content-Type-Options: nosniff
X-Frame-Options: deny
X-XSS-Protection: 1; mode=block
X-GitHub-Request-Id: 96EE:32EA21:6FCF0:1647D6:6864DC2C
Accept-Ranges: bytes
Date: Wed, 02 Jul 2025 07:15:23 GMT
Via: 1.1 varnish
X-Served-By: cache-hyd1100021-HYD
X-Cache: HIT
X-Cache-Hits: 1
X-Timer: S1751440524.730906,VS0,VE1
Vary: Authorization,Accept-Encoding
Access-Control-Allow-Origin: *
Cross-Origin-Resource-Policy: cross-origin
X-Fastly-Request-ID: 4205f34a32121f13bbc238020d3530e80ed5ce9e
Expires: Wed, 02 Jul 2025 07:20:23 GMT
Source-Age: 95


2025-07-02 12:45:33,888: INFO: common: Yaml file: config\config.yaml is loaded successfully
2025-07-02 12:45:33,893: INFO: common: Yaml file: params.yaml is loaded successfully
2025-07-02 12:45:33,895: INFO: common: Yaml file: schema.yaml is loaded successfully
2025-07-02 12:45:33,896: INFO: common: Direcotry artifacts is created
2025-07-02 12:45:33,897: INFO: common: Direcotry artifacts/data_ingestion is created
2025-07-02 12:45:34,528: INFO: 1644792305: artifacts/data_ingestion/data.zip download! with following info: 
Connection: close
Content-Length: 23329
Cache-Control: max-age=300
Content-Security-Policy: default-src 'none'; style-src 'unsafe-inline'; sandbox
Content-Type: application/zip
ETag: "c69888a4ae59bc5a893392785a938ccd4937981c06ba8a9d6a21aa52b4ab5b6e"
Strict-Transport-Security: max-age=31536000
X-Content-Type-Options: nosniff
X-Frame-Options: deny
X-XSS-Protection: 1; mode=block
X-GitHub-Request-Id: 96EE:32EA21:6FCF0:1647D6:6864DC2C
Accept-Ranges: bytes
Date: Wed, 02 Jul 2025 07:15:34 GMT
Via: 1.1 varnish
X-Served-By: cache-hyd1100033-HYD
X-Cache: HIT
X-Cache-Hits: 1
X-Timer: S1751440535.647218,VS0,VE2
Vary: Authorization,Accept-Encoding
Access-Control-Allow-Origin: *
Cross-Origin-Resource-Policy: cross-origin
X-Fastly-Request-ID: d6ca393bec0ca21c7babcefb39cf20739644bc4f
Expires: Wed, 02 Jul 2025 07:20:34 GMT
Source-Age: 106


2025-07-02 12:46:00,539: INFO: common: Yaml file: config\config.yaml is loaded successfully
2025-07-02 12:46:00,541: INFO: common: Yaml file: params.yaml is loaded successfully
2025-07-02 12:46:00,541: INFO: common: Yaml file: schema.yaml is loaded successfully
2025-07-02 12:46:00,544: INFO: common: Direcotry artifacts is created
2025-07-02 12:46:00,546: INFO: common: Direcotry artifacts/data_ingestion is created
2025-07-02 12:46:01,518: INFO: 1644792305: artifacts/data_ingestion/data.zip download! with following info: 
Connection: close
Content-Length: 23329
Cache-Control: max-age=300
Content-Security-Policy: default-src 'none'; style-src 'unsafe-inline'; sandbox
Content-Type: application/zip
ETag: "c69888a4ae59bc5a893392785a938ccd4937981c06ba8a9d6a21aa52b4ab5b6e"
Strict-Transport-Security: max-age=31536000
X-Content-Type-Options: nosniff
X-Frame-Options: deny
X-XSS-Protection: 1; mode=block
X-GitHub-Request-Id: 96EE:32EA21:6FCF0:1647D6:6864DC2C
Accept-Ranges: bytes
Date: Wed, 02 Jul 2025 07:16:01 GMT
Via: 1.1 varnish
X-Served-By: cache-hyd1100032-HYD
X-Cache: HIT
X-Cache-Hits: 1
X-Timer: S1751440562.646502,VS0,VE2
Vary: Authorization,Accept-Encoding
Access-Control-Allow-Origin: *
Cross-Origin-Resource-Policy: cross-origin
X-Fastly-Request-ID: f0bcb52b7fdd7fa2aa688b36fe9d8901de9488ed
Expires: Wed, 02 Jul 2025 07:21:01 GMT
Source-Age: 133


2025-07-02 12:49:50,864: INFO: common: Directory C:\Users\Smit\Desktop\DESKTOP\Github Repos\DS_project\temp is created
2025-07-02 12:50:17,873: INFO: common: Yaml file: config\config.yaml is loaded successfully
2025-07-02 12:50:17,876: INFO: common: Yaml file: params.yaml is loaded successfully
2025-07-02 12:50:17,879: INFO: common: Yaml file: schema.yaml is loaded successfully
2025-07-02 12:50:17,880: INFO: common: Directory artifacts is created
2025-07-02 12:50:17,882: INFO: common: Directory artifacts/data_ingestion is created
2025-07-02 12:50:19,072: INFO: 1644792305: artifacts/data_ingestion/data.zip download! with following info: 
Connection: close
Content-Length: 23329
Cache-Control: max-age=300
Content-Security-Policy: default-src 'none'; style-src 'unsafe-inline'; sandbox
Content-Type: application/zip
ETag: "c69888a4ae59bc5a893392785a938ccd4937981c06ba8a9d6a21aa52b4ab5b6e"
Strict-Transport-Security: max-age=31536000
X-Content-Type-Options: nosniff
X-Frame-Options: deny
X-XSS-Protection: 1; mode=block
X-GitHub-Request-Id: 96EE:32EA21:6FCF0:1647D6:6864DC2C
Accept-Ranges: bytes
Date: Wed, 02 Jul 2025 07:20:19 GMT
Via: 1.1 varnish
X-Served-By: cache-hyd1100021-HYD
X-Cache: HIT
X-Cache-Hits: 0
X-Timer: S1751440819.925040,VS0,VE241
Vary: Authorization,Accept-Encoding
Access-Control-Allow-Origin: *
Cross-Origin-Resource-Policy: cross-origin
X-Fastly-Request-ID: 2b7182acf0163f9d516df5819cc88d6ca38a0d33
Expires: Wed, 02 Jul 2025 07:25:19 GMT
Source-Age: 0


2025-07-02 14:15:19,000: INFO: main: Data_Ingestion_Pipeline started
2025-07-02 14:15:53,821: INFO: main: Data_Ingestion_Pipeline started
2025-07-02 14:15:53,822: INFO: common: Yaml file: config\config.yaml is loaded successfully
2025-07-02 14:15:53,823: INFO: common: Yaml file: params.yaml is loaded successfully
2025-07-02 14:15:53,824: INFO: common: Yaml file: schema.yaml is loaded successfully
2025-07-02 14:15:53,825: INFO: common: Directory artifacts is created
2025-07-02 14:15:53,826: INFO: common: Directory artifacts/data_ingestion is created
2025-07-02 14:15:55,105: INFO: data_ingestion: artifacts/data_ingestion/data.zip download! with following info: 
Connection: close
Content-Length: 23329
Cache-Control: max-age=300
Content-Security-Policy: default-src 'none'; style-src 'unsafe-inline'; sandbox
Content-Type: application/zip
ETag: "c69888a4ae59bc5a893392785a938ccd4937981c06ba8a9d6a21aa52b4ab5b6e"
Strict-Transport-Security: max-age=31536000
X-Content-Type-Options: nosniff
X-Frame-Options: deny
X-XSS-Protection: 1; mode=block
X-GitHub-Request-Id: C8F8:32EA21:8C308:1A1DD7:6864F1C2
Accept-Ranges: bytes
Date: Wed, 02 Jul 2025 08:45:55 GMT
Via: 1.1 varnish
X-Served-By: cache-hyd1100026-HYD
X-Cache: MISS
X-Cache-Hits: 0
X-Timer: S1751445955.024505,VS0,VE260
Vary: Authorization,Accept-Encoding
Access-Control-Allow-Origin: *
Cross-Origin-Resource-Policy: cross-origin
X-Fastly-Request-ID: c81b675271470681485cd14e13deab35e284b203
Expires: Wed, 02 Jul 2025 08:50:55 GMT
Source-Age: 0


2025-07-02 14:15:55,119: INFO: main: Data_Ingestion_Pipeline completed
